<?xml version="1.0" encoding="UTF-8"?>
<testng-results ignored="0" total="2" passed="2" failed="0" skipped="0">
  <reporter-output>
  </reporter-output>
  <suite started-at="2024-06-15T14:18:03 IST" name="Demo Project Test Regression Suite" finished-at="2024-06-15T14:18:13 IST" duration-ms="10266">
    <groups>
    </groups>
    <test started-at="2024-06-15T14:18:03 IST" name="Login Page Test" finished-at="2024-06-15T14:18:13 IST" duration-ms="10266">
      <class name="com.demo.tests.SimpleFormPageTest">
        <test-method is-config="true" signature="setup(java.lang.String)[pri:0, instance:com.demo.tests.SimpleFormPageTest@2f16c6b3]" started-at="2024-06-15T14:18:03 IST" name="setup" finished-at="2024-06-15T14:18:10 IST" duration-ms="6812" status="PASS">
          <params>
            <param index="0">
              <value>
                <![CDATA[chrome]]>
              </value>
            </param>
          </params>
          <reporter-output>
          </reporter-output>
        </test-method> <!-- setup -->
        <test-method signature="simpleFormLinkTest()[pri:1, instance:com.demo.tests.SimpleFormPageTest@2f16c6b3]" started-at="2024-06-15T14:18:10 IST" name="simpleFormLinkTest" finished-at="2024-06-15T14:18:13 IST" duration-ms="2780" status="PASS">
          <reporter-output>
          </reporter-output>
        </test-method> <!-- simpleFormLinkTest -->
        <test-method signature="inputTextValidationTest()[pri:0, instance:com.demo.tests.SimpleFormPageTest@2f16c6b3]" started-at="2024-06-15T14:18:13 IST" name="inputTextValidationTest" finished-at="2024-06-15T14:18:13 IST" depends-on-methods="com.demo.tests.SimpleFormPageTest.simpleFormLinkTest" duration-ms="248" status="PASS">
          <reporter-output>
          </reporter-output>
        </test-method> <!-- inputTextValidationTest -->
        <test-method is-config="true" signature="tearDown()[pri:0, instance:com.demo.tests.SimpleFormPageTest@2f16c6b3]" started-at="2024-06-15T14:18:13 IST" name="tearDown" finished-at="2024-06-15T14:18:13 IST" duration-ms="290" status="PASS">
          <reporter-output>
          </reporter-output>
        </test-method> <!-- tearDown -->
      </class> <!-- com.demo.tests.SimpleFormPageTest -->
    </test> <!-- Login Page Test -->
  </suite> <!-- Demo Project Test Regression Suite -->
</testng-results>
